Build started 2020-2-10 22:43:00.
     1>Project "E:\Mejoy\YHZJGame\Code\MWServers\SvrNetGate\SvrNetGate.vcxproj" on node 4 (build target(s)).
     1>C:\Program Files (x86)\MSBuild\Microsoft.Cpp\v4.0\Microsoft.CppBuild.targets(299,5): warning MSB8004: Output Directory does not end with a trailing slash.  This build instance will add the slash as it is required to allow proper evaluation of the Output Directory.
     1>InitializeBuildStatus:
         Creating "Debug\SvrNetGate.unsuccessfulbuild" because "AlwaysCreate" was specified.
       ClCompile:
         D:\Program Files (x86)\Microsoft Visual Studio 10.0\VC\bin\CL.exe /c /I..\..\IosGameClient\Classes\Include /I..\..\MwInclude /I.\Src /ZI /nologo /W3 /WX- /Od /Oy- /D WIN32 /D _WINDOWS /D _DEBUG /D _ISSERVER /D _MBCS /D _AFXDLL /Gm /EHsc /RTC1 /MDd /GS /fp:precise /Zc:wchar_t /Zc:forScope /Yc"StdAfx.h" /Fp"Debug\Debug_RpgSvrNetGate.pch" /Fo"Debug\\" /Fd"Debug\vc100.pdb" /Gd /TP /analyze- /errorReport:prompt stdafx.cpp
         stdafx.cpp
         D:\Program Files (x86)\Microsoft Visual Studio 10.0\VC\bin\CL.exe /c /I..\..\IosGameClient\Classes\Include /I..\..\MwInclude /I.\Src /ZI /nologo /W3 /WX- /Od /Oy- /D WIN32 /D _WINDOWS /D _DEBUG /D _ISSERVER /D _MBCS /D _AFXDLL /Gm /EHsc /RTC1 /MDd /GS /fp:precise /Zc:wchar_t /Zc:forScope /Yu"StdAfx.h" /Fp"Debug\Debug_RpgSvrNetGate.pch" /Fo"Debug\\" /Fd"Debug\vc100.pdb" /Gd /TP /analyze- /errorReport:prompt ..\..\MwInclude\TimeControl.cpp ..\..\MwInclude\debug_def.cpp ..\..\MwInclude\xnExtstr.cpp ..\..\MwInclude\xnThread.cpp ..\..\MwInclude\xnlist.cpp Src\NetGateCenter.cpp Src\NetGateCfg.cpp Src\ZNetServer.cpp Src\random.cpp SvrNetGate.cpp SvrNetGateDlg.cpp
         Skipping... (no relevant changes detected)
         SvrNetGateDlg.cpp
         SvrNetGate.cpp
         random.cpp
         ZNetServer.cpp
         NetGateCfg.cpp
         NetGateCenter.cpp
         xnlist.cpp
         xnThread.cpp
         xnExtstr.cpp
         debug_def.cpp
         TimeControl.cpp
       ResourceCompile:
         All outputs are up-to-date.
       ManifestResourceCompile:
         All outputs are up-to-date.
       Link:
         D:\Program Files (x86)\Microsoft Visual Studio 10.0\VC\bin\link.exe /ERRORREPORT:PROMPT /OUT:"..\Debug\Debug_RpgSvrNetGate.exe" /INCREMENTAL /NOLOGO /LIBPATH:..\..\MwLib JNetStaticLib_d.lib /NODEFAULTLIB:LIBCMTD.lib /MANIFEST /ManifestFile:"Debug\Debug_RpgSvrNetGate.exe.intermediate.manifest" /MANIFESTUAC:"level='asInvoker' uiAccess='false'" /DEBUG /PDB:"E:\Mejoy\YHZJGame\Code\MWServers\Debug\Debug_RpgSvrNetGate.pdb" /SUBSYSTEM:WINDOWS /TLBID:1 /DYNAMICBASE:NO /NXCOMPAT /IMPLIB:"..\Debug\Debug_RpgSvrNetGate.lib" /MACHINE:X86 Debug\SvrNetGate.res
         Debug\Debug_RpgSvrNetGate.exe.embed.manifest.res
         Debug\debug_def.obj
         Debug\TimeControl.obj
         Debug\xnExtstr.obj
         Debug\xnlist.obj
         Debug\xnThread.obj
         Debug\NetGateCenter.obj
         Debug\NetGateCfg.obj
         Debug\random.obj
         Debug\ZNetServer.obj
         Debug\stdafx.obj
         Debug\SvrNetGate.obj
         Debug\SvrNetGateDlg.obj
       Manifest:
         C:\Program Files (x86)\Microsoft SDKs\Windows\v7.0A\bin\mt.exe /nologo /verbose /out:"Debug\Debug_RpgSvrNetGate.exe.embed.manifest" /manifest Debug\Debug_RpgSvrNetGate.exe.intermediate.manifest "D:\Program Files (x86)\Microsoft Visual Studio 10.0\VC\Include\Manifest\dpiaware.manifest"
         All outputs are up-to-date.
       LinkEmbedManifest:
         All outputs are up-to-date.
         SvrNetGate.vcxproj -> E:\Mejoy\YHZJGame\Code\MWServers\SvrNetGate\..\Debug\Debug_RpgSvrNetGate.exe
       FinalizeBuildStatus:
         Deleting file "Debug\SvrNetGate.unsuccessfulbuild".
         Touching "Debug\SvrNetGate.lastbuildstate".
     1>Done Building Project "E:\Mejoy\YHZJGame\Code\MWServers\SvrNetGate\SvrNetGate.vcxproj" (build target(s)).

Build succeeded.

Time Elapsed 00:00:23.80
