Build started 2020-2-10 22:42:59.
     1>Project "E:\Mejoy\YHZJGame\Code\MWServers\SvrAccount\SvrAccount.vcxproj" on node 3 (build target(s)).
     1>C:\Program Files (x86)\MSBuild\Microsoft.Cpp\v4.0\Microsoft.CppBuild.targets(299,5): warning MSB8004: Output Directory does not end with a trailing slash.  This build instance will add the slash as it is required to allow proper evaluation of the Output Directory.
     1>InitializeBuildStatus:
         Creating "Debug\SvrAccount.unsuccessfulbuild" because "AlwaysCreate" was specified.
       ClCompile:
         D:\Program Files (x86)\Microsoft Visual Studio 10.0\VC\bin\CL.exe /c /I..\..\MwInclude /I.\Src /I..\..\IosGameClient\Classes\Include /ZI /nologo /W3 /WX- /Od /Oy- /D WIN32 /D _WINDOWS /D _DEBUG /D _ISSERVER /D _MBCS /D _AFXDLL /Gm /EHsc /RTC1 /MDd /GS /fp:precise /Zc:wchar_t /Zc:forScope /Yc"StdAfx.h" /Fp"Debug\Debug_RpgSvrAccount.pch" /Fo"Debug\\" /Fd"Debug\vc100.pdb" /Gd /TP /analyze- /errorReport:prompt stdafx.cpp
         stdafx.cpp
         D:\Program Files (x86)\Microsoft Visual Studio 10.0\VC\bin\CL.exe /c /I..\..\MwInclude /I.\Src /I..\..\IosGameClient\Classes\Include /ZI /nologo /W3 /WX- /Od /Oy- /D WIN32 /D _WINDOWS /D _DEBUG /D _ISSERVER /D _MBCS /D _AFXDLL /Gm /EHsc /RTC1 /MDd /GS /fp:precise /Zc:wchar_t /Zc:forScope /Yu"StdAfx.h" /Fp"Debug\Debug_RpgSvrAccount.pch" /Fo"Debug\\" /Fd"Debug\vc100.pdb" /Gd /TP /analyze- /errorReport:prompt ..\..\MwInclude\DBIO.cpp ..\..\MwInclude\TimeControl.cpp ..\..\MwInclude\ZLogFile.cpp ..\..\MwInclude\debug_def.cpp ..\..\MwInclude\xnExtstr.cpp ..\..\MwInclude\xnThread.cpp ..\..\MwInclude\xnlist.cpp Src\ABbase64.cpp Src\AccountCenter.cpp Src\Base64.cpp Src\CX509.cpp Src\DBCreate.cpp Src\HttpCenter.cpp Src\MarkDBCenter.cpp Src\ServerCfg.cpp Src\ZNetServer.cpp Src\bigint.cpp Src\hmacsha1.cpp Src\md5.cpp Src\md5Capi.cpp Src\rsa.cpp Src\signature_verifier.cpp SvrAccount.cpp SvrAccountDlg.cpp
         Skipping... (no relevant changes detected)
         SvrAccountDlg.cpp
         SvrAccount.cpp
         signature_verifier.cpp
         rsa.cpp
         md5Capi.cpp
         md5.cpp
         hmacsha1.cpp
         bigint.cpp
         ZNetServer.cpp
         ServerCfg.cpp
         MarkDBCenter.cpp
         HttpCenter.cpp
         DBCreate.cpp
         CX509.cpp
         Base64.cpp
         AccountCenter.cpp
         ABbase64.cpp
         xnlist.cpp
         xnThread.cpp
         xnExtstr.cpp
         debug_def.cpp
         ZLogFile.cpp
         TimeControl.cpp
         DBIO.cpp
       ResourceCompile:
         All outputs are up-to-date.
       ManifestResourceCompile:
         All outputs are up-to-date.
       Link:
         D:\Program Files (x86)\Microsoft Visual Studio 10.0\VC\bin\link.exe /ERRORREPORT:PROMPT /OUT:"..\Debug\Debug_RpgSvrAccount.exe" /INCREMENTAL /NOLOGO /LIBPATH:..\..\MwLib JNetStaticLib_d.lib MysqlDll_d.lib libeay32.lib /NODEFAULTLIB:LIBCMTD.lib /MANIFEST /ManifestFile:"Debug\Debug_RpgSvrAccount.exe.intermediate.manifest" /MANIFESTUAC:"level='asInvoker' uiAccess='false'" /DEBUG /PDB:"E:\Mejoy\YHZJGame\Code\MWServers\Debug\Debug_RpgSvrAccount.pdb" /SUBSYSTEM:WINDOWS /TLBID:1 /DYNAMICBASE:NO /NXCOMPAT /IMPLIB:"..\Debug\Debug_RpgSvrAccount.lib" /MACHINE:X86 Debug\SvrAccount.res
         Debug\Debug_RpgSvrAccount.exe.embed.manifest.res
         Debug\DBIO.obj
         Debug\debug_def.obj
         Debug\TimeControl.obj
         Debug\xnExtstr.obj
         Debug\xnlist.obj
         Debug\xnThread.obj
         Debug\ZLogFile.obj
         Debug\ABbase64.obj
         Debug\AccountCenter.obj
         Debug\Base64.obj
         Debug\bigint.obj
         Debug\CX509.obj
         Debug\DBCreate.obj
         Debug\hmacsha1.obj
         Debug\HttpCenter.obj
         Debug\MarkDBCenter.obj
         Debug\md5.obj
         Debug\md5Capi.obj
         Debug\rsa.obj
         Debug\ServerCfg.obj
         Debug\signature_verifier.obj
         Debug\ZNetServer.obj
         Debug\stdafx.obj
         Debug\SvrAccount.obj
         Debug\SvrAccountDlg.obj
       Manifest:
         C:\Program Files (x86)\Microsoft SDKs\Windows\v7.0A\bin\mt.exe /nologo /verbose /out:"Debug\Debug_RpgSvrAccount.exe.embed.manifest" /manifest Debug\Debug_RpgSvrAccount.exe.intermediate.manifest "D:\Program Files (x86)\Microsoft Visual Studio 10.0\VC\Include\Manifest\dpiaware.manifest"
         All outputs are up-to-date.
       LinkEmbedManifest:
         All outputs are up-to-date.
         SvrAccount.vcxproj -> E:\Mejoy\YHZJGame\Code\MWServers\SvrAccount\..\Debug\Debug_RpgSvrAccount.exe
       FinalizeBuildStatus:
         Deleting file "Debug\SvrAccount.unsuccessfulbuild".
         Touching "Debug\SvrAccount.lastbuildstate".
     1>Done Building Project "E:\Mejoy\YHZJGame\Code\MWServers\SvrAccount\SvrAccount.vcxproj" (build target(s)).

Build succeeded.

Time Elapsed 00:00:24.65
