.\Debug.win32\RpgGameClient.win32.ilk
.\Debug.win32\RpgGameClient.win32.pdb
E:\Mejoy\YHZJGame\Code\IosGameClient\proj.win32\.\Debug.win32\RpgGameClient.win32.exe
E:\MEJOY\YHZJGAME\CODE\IOSGAMECLIENT\PROJ.WIN32\DEBUG.WIN32\RPGGAMECLIENT.WIN32.EXE
E:\Mejoy\YHZJGame\Code\IosGameClient\proj.win32\Debug.win32\RpgGameClient.win32.exp
E:\MEJOY\YHZJGAME\CODE\IOSGAMECLIENT\PROJ.WIN32\DEBUG.WIN32\RPGGAMECLIENT.WIN32.ILK
E:\Mejoy\YHZJGame\Code\IosGameClient\proj.win32\Debug.win32\RpgGameClient.win32.lib
E:\MEJOY\YHZJGAME\CODE\IOSGAMECLIENT\PROJ.WIN32\DEBUG.WIN32\RPGGAMECLIENT.WIN32.PDB
E:\MEJOY\YHZJGAME\CODE\IOSGAMECLIENT\PROJ.WIN32\DEBUG\ACHIEVEMENTCFG.OBJ
E:\MEJOY\YHZJGAME\CODE\IOSGAMECLIENT\PROJ.WIN32\DEBUG\ACHIEVEMENTMENU.OBJ
E:\MEJOY\YHZJGAME\CODE\IOSGAMECLIENT\PROJ.WIN32\DEBUG\ACTIVATEMENU.OBJ
E:\MEJOY\YHZJGAME\CODE\IOSGAMECLIENT\PROJ.WIN32\DEBUG\ACTIVEDEGREECFG.OBJ
E:\MEJOY\YHZJGAME\CODE\IOSGAMECLIENT\PROJ.WIN32\DEBUG\ACTIVITYMENU.OBJ
E:\MEJOY\YHZJGAME\CODE\IOSGAMECLIENT\PROJ.WIN32\DEBUG\AMZDATABASE.OBJ
E:\MEJOY\YHZJGAME\CODE\IOSGAMECLIENT\PROJ.WIN32\DEBUG\APPDELEGATE.OBJ
E:\MEJOY\YHZJGAME\CODE\IOSGAMECLIENT\PROJ.WIN32\DEBUG\AUTOMENU.OBJ
E:\MEJOY\YHZJGAME\CODE\IOSGAMECLIENT\PROJ.WIN32\DEBUG\BAGMENU.OBJ
E:\MEJOY\YHZJGAME\CODE\IOSGAMECLIENT\PROJ.WIN32\DEBUG\BANKMENU.OBJ
E:\MEJOY\YHZJGAME\CODE\IOSGAMECLIENT\PROJ.WIN32\DEBUG\BUFFOBJ.OBJ
E:\MEJOY\YHZJGAME\CODE\IOSGAMECLIENT\PROJ.WIN32\DEBUG\CHATMENU.OBJ
E:\Mejoy\YHZJGame\Code\IosGameClient\proj.win32\Debug\cl.command.1.tlog
E:\Mejoy\YHZJGame\Code\IosGameClient\proj.win32\Debug\CL.read.1.tlog
E:\Mejoy\YHZJGame\Code\IosGameClient\proj.win32\Debug\CL.write.1.tlog
E:\MEJOY\YHZJGAME\CODE\IOSGAMECLIENT\PROJ.WIN32\DEBUG\CLIENTACHIEVEMENT.OBJ
E:\MEJOY\YHZJGAME\CODE\IOSGAMECLIENT\PROJ.WIN32\DEBUG\CLIENTCHAT.OBJ
E:\MEJOY\YHZJGAME\CODE\IOSGAMECLIENT\PROJ.WIN32\DEBUG\CLIENTFLAG.OBJ
E:\MEJOY\YHZJGAME\CODE\IOSGAMECLIENT\PROJ.WIN32\DEBUG\CLIENTQUEST.OBJ
E:\MEJOY\YHZJGAME\CODE\IOSGAMECLIENT\PROJ.WIN32\DEBUG\COCOS2DXLUALOADER.OBJ
E:\MEJOY\YHZJGAME\CODE\IOSGAMECLIENT\PROJ.WIN32\DEBUG\COM_MEJOYGAME_RPGWAR_JNICALL.OBJ
E:\MEJOY\YHZJGAME\CODE\IOSGAMECLIENT\PROJ.WIN32\DEBUG\CONTROLMENU.OBJ
E:\MEJOY\YHZJGAME\CODE\IOSGAMECLIENT\PROJ.WIN32\DEBUG\CREATEROLEMENU.OBJ
E:\MEJOY\YHZJGAME\CODE\IOSGAMECLIENT\PROJ.WIN32\DEBUG\CTRLOBJ.OBJ
E:\MEJOY\YHZJGAME\CODE\IOSGAMECLIENT\PROJ.WIN32\DEBUG\DEBUG_DEF.OBJ
E:\MEJOY\YHZJGAME\CODE\IOSGAMECLIENT\PROJ.WIN32\DEBUG\EFFECTOBJ.OBJ
E:\MEJOY\YHZJGAME\CODE\IOSGAMECLIENT\PROJ.WIN32\DEBUG\EFFECTSPRITE.OBJ
E:\MEJOY\YHZJGAME\CODE\IOSGAMECLIENT\PROJ.WIN32\DEBUG\ENEMYCONFIG.OBJ
E:\MEJOY\YHZJGAME\CODE\IOSGAMECLIENT\PROJ.WIN32\DEBUG\ENEMYDROPCONFIG.OBJ
E:\MEJOY\YHZJGAME\CODE\IOSGAMECLIENT\PROJ.WIN32\DEBUG\EQUIPCONFIG.OBJ
E:\MEJOY\YHZJGAME\CODE\IOSGAMECLIENT\PROJ.WIN32\DEBUG\EQUIPDATA.OBJ
E:\MEJOY\YHZJGAME\CODE\IOSGAMECLIENT\PROJ.WIN32\DEBUG\EQUIPDURAMENU.OBJ
E:\MEJOY\YHZJGAME\CODE\IOSGAMECLIENT\PROJ.WIN32\DEBUG\EQUIPSTARMENU.OBJ
E:\MEJOY\YHZJGAME\CODE\IOSGAMECLIENT\PROJ.WIN32\DEBUG\FACECONFIG.OBJ
E:\MEJOY\YHZJGAME\CODE\IOSGAMECLIENT\PROJ.WIN32\DEBUG\FAMILYCENTER.OBJ
E:\MEJOY\YHZJGAME\CODE\IOSGAMECLIENT\PROJ.WIN32\DEBUG\FAMILYMENU.OBJ
E:\MEJOY\YHZJGAME\CODE\IOSGAMECLIENT\PROJ.WIN32\DEBUG\FAQHELPCFG.OBJ
E:\MEJOY\YHZJGAME\CODE\IOSGAMECLIENT\PROJ.WIN32\DEBUG\FAQHELPMENU.OBJ
E:\MEJOY\YHZJGAME\CODE\IOSGAMECLIENT\PROJ.WIN32\DEBUG\FLAPPYBIRDMENU.OBJ
E:\MEJOY\YHZJGAME\CODE\IOSGAMECLIENT\PROJ.WIN32\DEBUG\FORTCENTER.OBJ
E:\MEJOY\YHZJGAME\CODE\IOSGAMECLIENT\PROJ.WIN32\DEBUG\FRIENDCHOOSEMENU.OBJ
E:\MEJOY\YHZJGAME\CODE\IOSGAMECLIENT\PROJ.WIN32\DEBUG\FRIENDMENU.OBJ
E:\MEJOY\YHZJGAME\CODE\IOSGAMECLIENT\PROJ.WIN32\DEBUG\GAMEACTIVITY.OBJ
E:\MEJOY\YHZJGAME\CODE\IOSGAMECLIENT\PROJ.WIN32\DEBUG\GAMEACTIVITYCFG.OBJ
E:\MEJOY\YHZJGAME\CODE\IOSGAMECLIENT\PROJ.WIN32\DEBUG\GAMEAWARDCFG.OBJ
E:\MEJOY\YHZJGAME\CODE\IOSGAMECLIENT\PROJ.WIN32\DEBUG\GAMEAWARDDATA.OBJ
E:\MEJOY\YHZJGAME\CODE\IOSGAMECLIENT\PROJ.WIN32\DEBUG\GAMEAWARDMENU.OBJ
E:\MEJOY\YHZJGAME\CODE\IOSGAMECLIENT\PROJ.WIN32\DEBUG\GAMELOADSCENE.OBJ
E:\MEJOY\YHZJGAME\CODE\IOSGAMECLIENT\PROJ.WIN32\DEBUG\GAMESCENE.OBJ
E:\MEJOY\YHZJGAME\CODE\IOSGAMECLIENT\PROJ.WIN32\DEBUG\GETNUMMENU.OBJ
E:\MEJOY\YHZJGAME\CODE\IOSGAMECLIENT\PROJ.WIN32\DEBUG\GLOBALFUNCTION.OBJ
E:\MEJOY\YHZJGAME\CODE\IOSGAMECLIENT\PROJ.WIN32\DEBUG\GREENMODEMENU.OBJ
E:\MEJOY\YHZJGAME\CODE\IOSGAMECLIENT\PROJ.WIN32\DEBUG\GUIDECENTER.OBJ
E:\MEJOY\YHZJGAME\CODE\IOSGAMECLIENT\PROJ.WIN32\DEBUG\GUIDELAYER.OBJ
E:\MEJOY\YHZJGAME\CODE\IOSGAMECLIENT\PROJ.WIN32\DEBUG\HORSECONFIG.OBJ
E:\MEJOY\YHZJGAME\CODE\IOSGAMECLIENT\PROJ.WIN32\DEBUG\HORSEDATA.OBJ
E:\MEJOY\YHZJGAME\CODE\IOSGAMECLIENT\PROJ.WIN32\DEBUG\HORSEOBJMENU.OBJ
E:\MEJOY\YHZJGAME\CODE\IOSGAMECLIENT\PROJ.WIN32\DEBUG\HTTPDOWNTHREAD.OBJ
E:\MEJOY\YHZJGAME\CODE\IOSGAMECLIENT\PROJ.WIN32\DEBUG\INTERFACE.OBJ
E:\MEJOY\YHZJGAME\CODE\IOSGAMECLIENT\PROJ.WIN32\DEBUG\INTERFACELAYER.OBJ
E:\MEJOY\YHZJGAME\CODE\IOSGAMECLIENT\PROJ.WIN32\DEBUG\IOSGAMECLIENT.RES
E:\MEJOY\YHZJGAME\CODE\IOSGAMECLIENT\PROJ.WIN32\DEBUG\IOSTHIRDPLAT.OBJ
E:\MEJOY\YHZJGAME\CODE\IOSGAMECLIENT\PROJ.WIN32\DEBUG\ITEMCONFIG.OBJ
E:\MEJOY\YHZJGAME\CODE\IOSGAMECLIENT\PROJ.WIN32\DEBUG\ITEMDATA.OBJ
E:\MEJOY\YHZJGAME\CODE\IOSGAMECLIENT\PROJ.WIN32\DEBUG\ITEMINFOMENU.OBJ
E:\MEJOY\YHZJGAME\CODE\IOSGAMECLIENT\PROJ.WIN32\DEBUG\JNIUTIL.OBJ
E:\Mejoy\YHZJGame\Code\IosGameClient\proj.win32\Debug\link.command.1.tlog
E:\Mejoy\YHZJGame\Code\IosGameClient\proj.win32\Debug\link.read.1.tlog
E:\Mejoy\YHZJGame\Code\IosGameClient\proj.win32\Debug\link.write.1.tlog
E:\Mejoy\YHZJGame\Code\IosGameClient\proj.win32\Debug\link-cvtres.read.1.tlog
E:\Mejoy\YHZJGame\Code\IosGameClient\proj.win32\Debug\link-cvtres.write.1.tlog
E:\MEJOY\YHZJGAME\CODE\IOSGAMECLIENT\PROJ.WIN32\DEBUG\LOGINMENU.OBJ
E:\MEJOY\YHZJGAME\CODE\IOSGAMECLIENT\PROJ.WIN32\DEBUG\LOGINSCENE.OBJ
E:\MEJOY\YHZJGAME\CODE\IOSGAMECLIENT\PROJ.WIN32\DEBUG\LUCKBETMENU.OBJ
E:\MEJOY\YHZJGAME\CODE\IOSGAMECLIENT\PROJ.WIN32\DEBUG\MAILMENU.OBJ
E:\MEJOY\YHZJGAME\CODE\IOSGAMECLIENT\PROJ.WIN32\DEBUG\MAIN.OBJ
E:\MEJOY\YHZJGAME\CODE\IOSGAMECLIENT\PROJ.WIN32\DEBUG\MAINMENU.OBJ
E:\MEJOY\YHZJGAME\CODE\IOSGAMECLIENT\PROJ.WIN32\DEBUG\MAKELAYER.OBJ
E:\MEJOY\YHZJGAME\CODE\IOSGAMECLIENT\PROJ.WIN32\DEBUG\MAKESKILLMENU.OBJ
E:\MEJOY\YHZJGAME\CODE\IOSGAMECLIENT\PROJ.WIN32\DEBUG\MALLCONFIG.OBJ
E:\MEJOY\YHZJGAME\CODE\IOSGAMECLIENT\PROJ.WIN32\DEBUG\MALLMENU.OBJ
E:\MEJOY\YHZJGAME\CODE\IOSGAMECLIENT\PROJ.WIN32\DEBUG\MANORMENU.OBJ
E:\MEJOY\YHZJGAME\CODE\IOSGAMECLIENT\PROJ.WIN32\DEBUG\MAPAIOBJ.OBJ
E:\MEJOY\YHZJGAME\CODE\IOSGAMECLIENT\PROJ.WIN32\DEBUG\MAPCONFIG.OBJ
E:\MEJOY\YHZJGAME\CODE\IOSGAMECLIENT\PROJ.WIN32\DEBUG\MAPCONTROL.OBJ
E:\MEJOY\YHZJGAME\CODE\IOSGAMECLIENT\PROJ.WIN32\DEBUG\MAPCOPYCONFIG.OBJ
E:\MEJOY\YHZJGAME\CODE\IOSGAMECLIENT\PROJ.WIN32\DEBUG\MAPCOPYMENU.OBJ
E:\MEJOY\YHZJGAME\CODE\IOSGAMECLIENT\PROJ.WIN32\DEBUG\MAPLAYER.OBJ
E:\MEJOY\YHZJGAME\CODE\IOSGAMECLIENT\PROJ.WIN32\DEBUG\MAPMOUSE.OBJ
E:\MEJOY\YHZJGAME\CODE\IOSGAMECLIENT\PROJ.WIN32\DEBUG\MAPOBJ.OBJ
E:\MEJOY\YHZJGAME\CODE\IOSGAMECLIENT\PROJ.WIN32\DEBUG\MAPOBJMANAGERS.OBJ
E:\MEJOY\YHZJGAME\CODE\IOSGAMECLIENT\PROJ.WIN32\DEBUG\MAPOTHERS.OBJ
E:\MEJOY\YHZJGAME\CODE\IOSGAMECLIENT\PROJ.WIN32\DEBUG\MAPPLAYER.OBJ
E:\MEJOY\YHZJGAME\CODE\IOSGAMECLIENT\PROJ.WIN32\DEBUG\MAPSPRITE.OBJ
E:\MEJOY\YHZJGAME\CODE\IOSGAMECLIENT\PROJ.WIN32\DEBUG\MAPSTATICCFG.OBJ
E:\MEJOY\YHZJGAME\CODE\IOSGAMECLIENT\PROJ.WIN32\DEBUG\MAPTILE.OBJ
E:\MEJOY\YHZJGAME\CODE\IOSGAMECLIENT\PROJ.WIN32\DEBUG\MARRYMENU.OBJ
E:\MEJOY\YHZJGAME\CODE\IOSGAMECLIENT\PROJ.WIN32\DEBUG\MCAWARDMENU.OBJ
E:\MEJOY\YHZJGAME\CODE\IOSGAMECLIENT\PROJ.WIN32\DEBUG\MENTORINGCFG.OBJ
E:\MEJOY\YHZJGAME\CODE\IOSGAMECLIENT\PROJ.WIN32\DEBUG\MENTORINGMENU.OBJ
E:\MEJOY\YHZJGAME\CODE\IOSGAMECLIENT\PROJ.WIN32\DEBUG\MINIRADIO.OBJ
E:\MEJOY\YHZJGAME\CODE\IOSGAMECLIENT\PROJ.WIN32\DEBUG\MISSONMENU.OBJ
E:\MEJOY\YHZJGAME\CODE\IOSGAMECLIENT\PROJ.WIN32\DEBUG\MOBJACTCONTROL.OBJ
E:\Mejoy\YHZJGame\Code\IosGameClient\proj.win32\Debug\mt.command.1.tlog
E:\Mejoy\YHZJGame\Code\IosGameClient\proj.win32\Debug\mt.read.1.tlog
E:\Mejoy\YHZJGame\Code\IosGameClient\proj.win32\Debug\mt.write.1.tlog
E:\MEJOY\YHZJGAME\CODE\IOSGAMECLIENT\PROJ.WIN32\DEBUG\MYTEXTINPUT.OBJ
E:\MEJOY\YHZJGAME\CODE\IOSGAMECLIENT\PROJ.WIN32\DEBUG\NASALEMENU.OBJ
E:\MEJOY\YHZJGAME\CODE\IOSGAMECLIENT\PROJ.WIN32\DEBUG\ODSOCKET.OBJ
E:\MEJOY\YHZJGAME\CODE\IOSGAMECLIENT\PROJ.WIN32\DEBUG\PACKETCENTER.OBJ
E:\MEJOY\YHZJGAME\CODE\IOSGAMECLIENT\PROJ.WIN32\DEBUG\PARTICLECENTER.OBJ
E:\MEJOY\YHZJGAME\CODE\IOSGAMECLIENT\PROJ.WIN32\DEBUG\PARTICLELAYER.OBJ
E:\MEJOY\YHZJGAME\CODE\IOSGAMECLIENT\PROJ.WIN32\DEBUG\PETOBJMENU.OBJ
E:\MEJOY\YHZJGAME\CODE\IOSGAMECLIENT\PROJ.WIN32\DEBUG\QUESTCONFIG.OBJ
E:\MEJOY\YHZJGAME\CODE\IOSGAMECLIENT\PROJ.WIN32\DEBUG\RANDOM.OBJ
E:\MEJOY\YHZJGAME\CODE\IOSGAMECLIENT\PROJ.WIN32\DEBUG\RANKDATA.OBJ
E:\MEJOY\YHZJGAME\CODE\IOSGAMECLIENT\PROJ.WIN32\DEBUG\RANKMENU.OBJ
E:\Mejoy\YHZJGame\Code\IosGameClient\proj.win32\Debug\rc.command.1.tlog
E:\Mejoy\YHZJGame\Code\IosGameClient\proj.win32\Debug\rc.read.1.tlog
E:\Mejoy\YHZJGame\Code\IosGameClient\proj.win32\Debug\rc.write.1.tlog
E:\MEJOY\YHZJGAME\CODE\IOSGAMECLIENT\PROJ.WIN32\DEBUG\RECONNECTGAME.OBJ
E:\MEJOY\YHZJGAME\CODE\IOSGAMECLIENT\PROJ.WIN32\DEBUG\RELATIONSHIPDATA.OBJ
E:\MEJOY\YHZJGAME\CODE\IOSGAMECLIENT\PROJ.WIN32\DEBUG\RESMANAGE.OBJ
E:\MEJOY\YHZJGAME\CODE\IOSGAMECLIENT\PROJ.WIN32\DEBUG\RPGGAMECLIENT.WIN32.EXE.EMBED.MANIFEST
E:\MEJOY\YHZJGAME\CODE\IOSGAMECLIENT\PROJ.WIN32\DEBUG\RPGGAMECLIENT.WIN32.EXE.EMBED.MANIFEST.RES
E:\MEJOY\YHZJGAME\CODE\IOSGAMECLIENT\PROJ.WIN32\DEBUG\RPGGAMECLIENT.WIN32.EXE.INTERMEDIATE.MANIFEST
E:\Mejoy\YHZJGame\Code\IosGameClient\proj.win32\Debug\RpgGameClient.win32.vcxprojResolveAssemblyReference.cache
E:\Mejoy\YHZJGame\Code\IosGameClient\proj.win32\Debug\RpgGameClient.win32.write.1.tlog
E:\Mejoy\YHZJGame\Code\IosGameClient\proj.win32\Debug\RpgGameClient.win32_manifest.rc
E:\MEJOY\YHZJGAME\CODE\IOSGAMECLIENT\PROJ.WIN32\DEBUG\SELLINEMENU.OBJ
E:\MEJOY\YHZJGAME\CODE\IOSGAMECLIENT\PROJ.WIN32\DEBUG\SHOPMENU.OBJ
E:\MEJOY\YHZJGAME\CODE\IOSGAMECLIENT\PROJ.WIN32\DEBUG\SKILLCONFIG.OBJ
E:\MEJOY\YHZJGAME\CODE\IOSGAMECLIENT\PROJ.WIN32\DEBUG\SKILLDATA.OBJ
E:\MEJOY\YHZJGAME\CODE\IOSGAMECLIENT\PROJ.WIN32\DEBUG\SKILLMENU.OBJ
E:\MEJOY\YHZJGAME\CODE\IOSGAMECLIENT\PROJ.WIN32\DEBUG\SKILLSPMENU.OBJ
E:\MEJOY\YHZJGAME\CODE\IOSGAMECLIENT\PROJ.WIN32\DEBUG\SKINCONFIG.OBJ
E:\MEJOY\YHZJGAME\CODE\IOSGAMECLIENT\PROJ.WIN32\DEBUG\SLAVECONFIG.OBJ
E:\MEJOY\YHZJGAME\CODE\IOSGAMECLIENT\PROJ.WIN32\DEBUG\SLAVEDATA.OBJ
E:\MEJOY\YHZJGAME\CODE\IOSGAMECLIENT\PROJ.WIN32\DEBUG\SLAVEFORMCTRL.OBJ
E:\MEJOY\YHZJGAME\CODE\IOSGAMECLIENT\PROJ.WIN32\DEBUG\SOCKETMANAGER.OBJ
E:\MEJOY\YHZJGAME\CODE\IOSGAMECLIENT\PROJ.WIN32\DEBUG\SOUNDCENTER.OBJ
E:\MEJOY\YHZJGAME\CODE\IOSGAMECLIENT\PROJ.WIN32\DEBUG\STARSYSCONFIG.OBJ
E:\MEJOY\YHZJGAME\CODE\IOSGAMECLIENT\PROJ.WIN32\DEBUG\STARSYSMENU.OBJ
E:\MEJOY\YHZJGAME\CODE\IOSGAMECLIENT\PROJ.WIN32\DEBUG\STATECONFIG.OBJ
E:\MEJOY\YHZJGAME\CODE\IOSGAMECLIENT\PROJ.WIN32\DEBUG\STATEDATA.OBJ
E:\MEJOY\YHZJGAME\CODE\IOSGAMECLIENT\PROJ.WIN32\DEBUG\STONECOMPOSEMENU.OBJ
E:\MEJOY\YHZJGAME\CODE\IOSGAMECLIENT\PROJ.WIN32\DEBUG\TEAMMENU.OBJ
E:\MEJOY\YHZJGAME\CODE\IOSGAMECLIENT\PROJ.WIN32\DEBUG\TESTAWARDCFG.OBJ
E:\MEJOY\YHZJGAME\CODE\IOSGAMECLIENT\PROJ.WIN32\DEBUG\TESTLIBRARYCFG.OBJ
E:\MEJOY\YHZJGAME\CODE\IOSGAMECLIENT\PROJ.WIN32\DEBUG\TEXTCONFIG.OBJ
E:\MEJOY\YHZJGAME\CODE\IOSGAMECLIENT\PROJ.WIN32\DEBUG\TITLECONFIG.OBJ
E:\MEJOY\YHZJGAME\CODE\IOSGAMECLIENT\PROJ.WIN32\DEBUG\TOLUA_FIX.OBJ
E:\MEJOY\YHZJGAME\CODE\IOSGAMECLIENT\PROJ.WIN32\DEBUG\TXTLINKVIEW.OBJ
E:\MEJOY\YHZJGAME\CODE\IOSGAMECLIENT\PROJ.WIN32\DEBUG\UPDATESCENE.OBJ
E:\MEJOY\YHZJGAME\CODE\IOSGAMECLIENT\PROJ.WIN32\DEBUG\USERCONFIG.OBJ
E:\MEJOY\YHZJGAME\CODE\IOSGAMECLIENT\PROJ.WIN32\DEBUG\USERDATA.OBJ
E:\MEJOY\YHZJGAME\CODE\IOSGAMECLIENT\PROJ.WIN32\DEBUG\USERPARAMMENU.OBJ
E:\Mejoy\YHZJGame\Code\IosGameClient\proj.win32\Debug\vc100.idb
E:\MEJOY\YHZJGAME\CODE\IOSGAMECLIENT\PROJ.WIN32\DEBUG\VC100.PDB
E:\MEJOY\YHZJGAME\CODE\IOSGAMECLIENT\PROJ.WIN32\DEBUG\VIPCONFIG.OBJ
E:\MEJOY\YHZJGAME\CODE\IOSGAMECLIENT\PROJ.WIN32\DEBUG\VIPMENU.OBJ
E:\MEJOY\YHZJGAME\CODE\IOSGAMECLIENT\PROJ.WIN32\DEBUG\WTESTMENU.OBJ
E:\MEJOY\YHZJGAME\CODE\IOSGAMECLIENT\PROJ.WIN32\DEBUG\XNEXTSTR.OBJ
E:\MEJOY\YHZJGAME\CODE\IOSGAMECLIENT\PROJ.WIN32\DEBUG\XNLIST.OBJ
